<?xml version="1.0" encoding="UTF-8"?>
<!-- Generated by org.testng.reporters.JUnitReportReporter -->
<testsuite hostname="LAPTOP-NTATU87G" failures="0" tests="1" name="com.chrome.ChromeTest" time="3.104" errors="0" timestamp="2025-05-25T15:41:26 COT" skipped="0">
  <testcase classname="com.chrome.ChromeTest" name="f" time="3.104"/>
  <system-out/>
</testsuite> <!-- com.chrome.ChromeTest -->
